2021-12-13 09:42:53,602 [Worker-3: Loading available Gradle versions] INFO  o.e.b.c.i.u.g.PublishedGradleVersions - Gradle version information cache is not available. Remote download required.
2021-12-13 09:46:34,478 [Start Help Server] INFO  org.eclipse.jetty.server.Server - jetty-10.0.6; built: 2021-06-29T15:28:56.259Z; git: 37e7731b4b142a882d73974ff3bec78d621bd674; jvm 14+36-1461
2021-12-13 09:46:34,509 [Start Help Server] INFO  o.e.j.s.s.DefaultSessionIdManager - Session workerName=node0
2021-12-13 09:46:34,546 [Start Help Server] INFO  o.e.j.server.handler.ContextHandler - Started o.e.j.s.ServletContextHandler@58f29063{/help,null,AVAILABLE}
2021-12-13 09:46:34,566 [Start Help Server] INFO  o.e.jetty.server.AbstractConnector - Started ServerConnector@636fd39d{HTTP/1.1, (http/1.1)}{127.0.0.1:63089}
2021-12-13 09:46:34,568 [Start Help Server] INFO  org.eclipse.jetty.server.Server - Started Server@55adf178{STARTING}[10.0.6,sto=0] @250871ms
2021-12-13 09:48:04,325 [Stop Help Server] INFO  org.eclipse.jetty.server.Server - Stopped Server@55adf178{STOPPING}[10.0.6,sto=0]
2021-12-13 09:48:04,332 [Stop Help Server] INFO  o.e.jetty.server.AbstractConnector - Stopped ServerConnector@636fd39d{HTTP/1.1, (http/1.1)}{127.0.0.1:0}
2021-12-13 09:48:04,364 [Stop Help Server] INFO  o.e.j.server.handler.ContextHandler - Stopped o.e.j.s.ServletContextHandler@58f29063{/help,null,STOPPED}
2021-12-13 09:50:41,976 [Worker-2: Loading available Gradle versions] INFO  o.e.b.c.i.u.g.PublishedGradleVersions - Gradle version information cache is up-to-date. Trying to read.
2022-01-03 17:06:24,614 [Worker-2: Loading available Gradle versions] INFO  o.e.b.c.i.u.g.PublishedGradleVersions - Gradle version information cache is out-of-date. Trying to update.
2022-01-03 21:50:25,993 [Worker-4: Loading available Gradle versions] INFO  o.e.b.c.i.u.g.PublishedGradleVersions - Gradle version information cache is up-to-date. Trying to read.
2022-01-04 17:04:12,521 [Worker-0: Loading available Gradle versions] INFO  o.e.b.c.i.u.g.PublishedGradleVersions - Gradle version information cache is up-to-date. Trying to read.
2022-01-04 19:59:17,511 [Worker-5: Loading available Gradle versions] INFO  o.e.b.c.i.u.g.PublishedGradleVersions - Gradle version information cache is out-of-date. Trying to update.
2022-01-07 17:00:58,558 [Worker-5: Loading available Gradle versions] INFO  o.e.b.c.i.u.g.PublishedGradleVersions - Gradle version information cache is out-of-date. Trying to update.
2022-01-12 16:55:39,280 [Worker-4: Loading available Gradle versions] INFO  o.e.b.c.i.u.g.PublishedGradleVersions - Gradle version information cache is out-of-date. Trying to update.
2022-01-14 17:02:30,479 [Worker-1: Loading available Gradle versions] INFO  o.e.b.c.i.u.g.PublishedGradleVersions - Gradle version information cache is out-of-date. Trying to update.
2022-01-17 17:13:43,608 [Worker-3: Loading available Gradle versions] INFO  o.e.b.c.i.u.g.PublishedGradleVersions - Gradle version information cache is out-of-date. Trying to update.
2022-01-19 16:58:02,284 [Worker-4: Loading available Gradle versions] INFO  o.e.b.c.i.u.g.PublishedGradleVersions - Gradle version information cache is out-of-date. Trying to update.
2022-01-20 17:05:30,533 [Worker-5: Loading available Gradle versions] INFO  o.e.b.c.i.u.g.PublishedGradleVersions - Gradle version information cache is out-of-date. Trying to update.
2022-01-21 17:14:49,318 [Worker-0: Loading available Gradle versions] INFO  o.e.b.c.i.u.g.PublishedGradleVersions - Gradle version information cache is out-of-date. Trying to update.
2022-01-21 21:20:57,967 [Worker-65: Auto share git projects] WARN  org.eclipse.jgit.util.FS_Win32 - null
2022-01-24 17:16:35,593 [Worker-2: Loading available Gradle versions] INFO  o.e.b.c.i.u.g.PublishedGradleVersions - Gradle version information cache is out-of-date. Trying to update.
